{"level":"info","message":"Public posts fetched successfully","timestamp":"2025-11-02T08:23:40.397Z"}
{"level":"info","message":"Public posts fetched successfully","timestamp":"2025-11-02T08:23:40.820Z"}
{"level":"info","message":"Public posts fetched successfully","timestamp":"2025-11-02T08:24:27.990Z"}
{"level":"info","message":"Public posts fetched successfully","timestamp":"2025-11-02T08:24:28.402Z"}
{"level":"info","message":"6907181550c53f76c8564b49 registered successfully","timestamp":"2025-11-02T08:36:37.612Z"}
{"level":"info","message":"Posts fetched successfully","timestamp":"2025-11-02T08:36:38.310Z"}
{"level":"info","message":"User stats fetched successfully","timestamp":"2025-11-02T08:36:38.516Z"}
{"level":"info","message":"Posts fetched successfully","timestamp":"2025-11-02T08:36:38.992Z"}
{"level":"info","message":"User stats fetched successfully","timestamp":"2025-11-02T08:36:39.352Z"}
{"level":"info","message":"Users fetched successfully","timestamp":"2025-11-02T08:37:28.013Z"}
{"level":"info","message":"Users fetched successfully","timestamp":"2025-11-02T08:37:28.814Z"}
{"level":"info","message":"Posts fetched successfully","timestamp":"2025-11-02T08:37:51.213Z"}
{"level":"info","message":"User stats fetched successfully","timestamp":"2025-11-02T08:37:51.426Z"}
{"level":"info","message":"Posts fetched successfully","timestamp":"2025-11-02T08:37:51.827Z"}
{"level":"info","message":"User stats fetched successfully","timestamp":"2025-11-02T08:37:52.246Z"}
{"level":"info","message":"Public posts fetched successfully","timestamp":"2025-11-02T08:37:53.888Z"}
{"level":"info","message":"Public posts fetched successfully","timestamp":"2025-11-02T08:37:54.301Z"}
{"level":"info","message":"User stats fetched successfully","timestamp":"2025-11-02T08:37:57.030Z"}
{"level":"info","message":"Posts fetched successfully","timestamp":"2025-11-02T08:37:57.251Z"}
{"level":"info","message":"User stats fetched successfully","timestamp":"2025-11-02T08:37:57.834Z"}
{"level":"info","message":"Posts fetched successfully","timestamp":"2025-11-02T08:37:57.862Z"}
{"level":"info","message":"Post created successfully by 6907181550c53f76c8564b49","timestamp":"2025-11-02T08:39:14.970Z"}
{"level":"info","message":"Posts fetched successfully","timestamp":"2025-11-02T08:39:15.828Z"}
{"level":"info","message":"User stats fetched successfully","timestamp":"2025-11-02T08:39:15.846Z"}
{"level":"info","message":"Posts fetched successfully","timestamp":"2025-11-02T08:39:16.641Z"}
{"level":"info","message":"User stats fetched successfully","timestamp":"2025-11-02T08:39:16.694Z"}
{"level":"info","message":"Post fetched successfully","timestamp":"2025-11-02T08:39:42.811Z"}
{"level":"info","message":"Post fetched successfully","timestamp":"2025-11-02T08:39:43.611Z"}
{"level":"info","message":"Posts fetched successfully","timestamp":"2025-11-02T08:39:46.598Z"}
{"level":"info","message":"User stats fetched successfully","timestamp":"2025-11-02T08:39:46.601Z"}
{"level":"info","message":"Posts fetched successfully","timestamp":"2025-11-02T08:39:47.519Z"}
{"level":"info","message":"User stats fetched successfully","timestamp":"2025-11-02T08:39:47.545Z"}
{"level":"info","message":"Public posts fetched successfully","timestamp":"2025-11-02T08:39:51.409Z"}
{"level":"info","message":"Public posts fetched successfully","timestamp":"2025-11-02T08:39:52.022Z"}
{"level":"info","message":"Comments fetched successfully","timestamp":"2025-11-02T08:39:57.208Z"}
{"level":"info","message":"Comments fetched successfully","timestamp":"2025-11-02T08:39:57.608Z"}
{"level":"info","message":"Post fetched successfully","timestamp":"2025-11-02T08:39:57.633Z"}
{"level":"info","message":"Post fetched successfully","timestamp":"2025-11-02T08:39:58.442Z"}
{"level":"info","message":"Comment created successfully by 6907181550c53f76c8564b49","timestamp":"2025-11-02T08:40:11.475Z"}
{"level":"info","message":"Comments fetched successfully","timestamp":"2025-11-02T08:40:12.092Z"}
{"level":"info","message":"Posts fetched successfully","timestamp":"2025-11-02T08:40:18.307Z"}
{"level":"info","message":"User stats fetched successfully","timestamp":"2025-11-02T08:40:18.309Z"}
{"level":"info","message":"Posts fetched successfully","timestamp":"2025-11-02T08:40:19.105Z"}
{"level":"info","message":"User stats fetched successfully","timestamp":"2025-11-02T08:40:19.159Z"}
{"level":"info","message":"Public posts fetched successfully","timestamp":"2025-11-02T08:40:26.929Z"}
{"level":"info","message":"Public posts fetched successfully","timestamp":"2025-11-02T08:40:27.550Z"}
{"level":"info","message":"Comments fetched successfully","timestamp":"2025-11-02T08:40:29.553Z"}
{"level":"info","message":"Post fetched successfully","timestamp":"2025-11-02T08:40:29.757Z"}
{"level":"info","message":"Comments fetched successfully","timestamp":"2025-11-02T08:40:30.171Z"}
{"level":"info","message":"Post fetched successfully","timestamp":"2025-11-02T08:40:30.565Z"}
{"level":"info","message":"Posts fetched successfully","timestamp":"2025-11-02T08:40:35.866Z"}
{"level":"info","message":"User stats fetched successfully","timestamp":"2025-11-02T08:40:35.869Z"}
{"level":"info","message":"Posts fetched successfully","timestamp":"2025-11-02T08:40:36.687Z"}
{"level":"info","message":"User stats fetched successfully","timestamp":"2025-11-02T08:40:36.733Z"}
{"level":"info","message":"User logged out successfully.","timestamp":"2025-11-02T08:46:07.553Z"}
{"level":"info","message":"6907181550c53f76c8564b49 Login Successful","timestamp":"2025-11-02T08:47:00.531Z"}
{"level":"info","message":"User stats fetched successfully","timestamp":"2025-11-02T08:47:01.412Z"}
{"level":"info","message":"Posts fetched successfully","timestamp":"2025-11-02T08:47:01.422Z"}
{"level":"info","message":"User stats fetched successfully","timestamp":"2025-11-02T08:47:02.219Z"}
{"level":"info","message":"Posts fetched successfully","timestamp":"2025-11-02T08:47:02.235Z"}
{"level":"info","message":"User logged out successfully.","timestamp":"2025-11-02T08:47:06.938Z"}
{"level":"info","message":"Public posts fetched successfully","timestamp":"2025-11-02T08:47:12.113Z"}
{"level":"info","message":"Public posts fetched successfully","timestamp":"2025-11-02T08:47:12.729Z"}
{"level":"info","message":"Comments fetched successfully","timestamp":"2025-11-02T08:47:16.829Z"}
{"level":"info","message":"Comments fetched successfully","timestamp":"2025-11-02T08:47:19.961Z"}
{"level":"info","message":"69071ad7bb8922b017878cbb registered successfully","timestamp":"2025-11-02T08:48:23.687Z"}
{"level":"info","message":"Posts fetched successfully","timestamp":"2025-11-02T08:48:24.376Z"}
{"level":"info","message":"User stats fetched successfully","timestamp":"2025-11-02T08:48:24.570Z"}
{"level":"info","message":"Posts fetched successfully","timestamp":"2025-11-02T08:48:25.018Z"}
{"level":"info","message":"User stats fetched successfully","timestamp":"2025-11-02T08:48:25.422Z"}
{"level":"info","message":"User logged out successfully.","timestamp":"2025-11-02T08:49:30.109Z"}
{"level":"error","message":"User not found","timestamp":"2025-11-02T08:49:52.156Z"}
{"level":"error","message":"User not found","timestamp":"2025-11-02T08:49:52.156Z"}
{"level":"error","message":"User not found","timestamp":"2025-11-02T08:50:07.437Z"}
{"level":"error","message":"User not found","timestamp":"2025-11-02T08:50:07.437Z"}
{"level":"info","message":"6907181550c53f76c8564b49 Login Successful","timestamp":"2025-11-02T08:50:59.957Z"}
{"level":"info","message":"Posts fetched successfully","timestamp":"2025-11-02T08:51:00.786Z"}
{"level":"info","message":"User stats fetched successfully","timestamp":"2025-11-02T08:51:00.833Z"}
{"level":"info","message":"Posts fetched successfully","timestamp":"2025-11-02T08:51:01.587Z"}
{"level":"info","message":"User stats fetched successfully","timestamp":"2025-11-02T08:51:01.644Z"}
{"level":"info","message":"Users fetched successfully","timestamp":"2025-11-02T08:51:22.262Z"}
{"level":"info","message":"Users fetched successfully","timestamp":"2025-11-02T08:51:23.184Z"}
{"level":"info","message":"Users fetched successfully","timestamp":"2025-11-02T08:51:37.525Z"}
{"level":"info","message":"Users fetched successfully","timestamp":"2025-11-02T08:51:40.733Z"}
{"level":"info","message":"User stats fetched successfully","timestamp":"2025-11-02T08:56:48.637Z"}
{"level":"info","message":"Posts fetched successfully","timestamp":"2025-11-02T08:56:48.639Z"}
{"level":"info","message":"Posts fetched successfully","timestamp":"2025-11-02T08:56:49.712Z"}
{"level":"info","message":"User stats fetched successfully","timestamp":"2025-11-02T08:56:49.714Z"}
{"level":"info","message":"Users fetched successfully","timestamp":"2025-11-02T08:56:55.123Z"}
{"level":"info","message":"Users fetched successfully","timestamp":"2025-11-02T08:56:55.976Z"}
{"level":"info","message":"User stats fetched successfully","timestamp":"2025-11-02T08:56:59.076Z"}
{"level":"info","message":"Posts fetched successfully","timestamp":"2025-11-02T08:56:59.079Z"}
{"level":"info","message":"User logged out successfully.","timestamp":"2025-11-02T08:56:59.934Z"}
{"level":"info","message":"Posts fetched successfully","timestamp":"2025-11-02T08:57:00.095Z"}
{"level":"info","message":"User stats fetched successfully","timestamp":"2025-11-02T08:57:00.099Z"}
{"level":"info","message":"69071ad7bb8922b017878cbb Login Successful","timestamp":"2025-11-02T08:57:38.247Z"}
{"level":"info","message":"Posts fetched successfully","timestamp":"2025-11-02T08:57:38.883Z"}
{"level":"info","message":"User stats fetched successfully","timestamp":"2025-11-02T08:57:39.085Z"}
{"level":"info","message":"Posts fetched successfully","timestamp":"2025-11-02T08:57:39.497Z"}
{"level":"info","message":"User stats fetched successfully","timestamp":"2025-11-02T08:57:39.876Z"}
{"level":"info","message":"Post created successfully by 69071ad7bb8922b017878cbb","timestamp":"2025-11-02T08:58:06.683Z"}
{"level":"info","message":"Posts fetched successfully","timestamp":"2025-11-02T08:58:07.500Z"}
{"level":"info","message":"User stats fetched successfully","timestamp":"2025-11-02T08:58:07.960Z"}
{"level":"info","message":"Posts fetched successfully","timestamp":"2025-11-02T08:58:08.297Z"}
{"level":"info","message":"User stats fetched successfully","timestamp":"2025-11-02T08:58:09.224Z"}
{"level":"info","message":"Public posts fetched successfully","timestamp":"2025-11-02T08:58:24.995Z"}
{"level":"info","message":"Public posts fetched successfully","timestamp":"2025-11-02T08:58:25.639Z"}
{"level":"info","message":"User stats fetched successfully","timestamp":"2025-11-02T08:58:36.347Z"}
{"level":"info","message":"Posts fetched successfully","timestamp":"2025-11-02T08:58:36.812Z"}
{"level":"info","message":"User stats fetched successfully","timestamp":"2025-11-02T08:58:37.143Z"}
{"level":"info","message":"Posts fetched successfully","timestamp":"2025-11-02T08:58:37.626Z"}
{"level":"info","message":"Post fetched successfully","timestamp":"2025-11-02T08:59:10.302Z"}
{"level":"info","message":"Post fetched successfully","timestamp":"2025-11-02T08:59:11.114Z"}
{"level":"info","message":"User stats fetched successfully","timestamp":"2025-11-02T08:59:17.909Z"}
{"level":"info","message":"Posts fetched successfully","timestamp":"2025-11-02T08:59:17.911Z"}
{"level":"info","message":"Posts fetched successfully","timestamp":"2025-11-02T08:59:19.143Z"}
{"level":"info","message":"User stats fetched successfully","timestamp":"2025-11-02T08:59:19.397Z"}
{"level":"info","message":"User logged out successfully.","timestamp":"2025-11-02T09:00:52.973Z"}
{"level":"error","message":"Login Error: Error: secretOrPrivateKey must have a value","timestamp":"2025-11-02T09:43:13.690Z"}
{"level":"error","message":"Login Error: Error: secretOrPrivateKey must have a value","timestamp":"2025-11-02T09:43:13.690Z"}
{"level":"error","message":"Login Error: Error: secretOrPrivateKey must have a value","timestamp":"2025-11-02T09:45:43.770Z"}
{"level":"error","message":"Login Error: Error: secretOrPrivateKey must have a value","timestamp":"2025-11-02T09:45:43.770Z"}
{"level":"info","message":"6907181550c53f76c8564b49 Login Successful","timestamp":"2025-11-02T09:47:05.986Z"}
{"level":"info","message":"Posts fetched successfully","timestamp":"2025-11-02T09:47:06.991Z"}
{"level":"info","message":"User stats fetched successfully","timestamp":"2025-11-02T09:47:07.022Z"}
{"level":"info","message":"Posts fetched successfully","timestamp":"2025-11-02T09:47:07.817Z"}
{"level":"info","message":"User stats fetched successfully","timestamp":"2025-11-02T09:47:07.865Z"}
{"level":"info","message":"Public posts fetched successfully","timestamp":"2025-11-02T09:47:40.709Z"}
{"level":"info","message":"Public posts fetched successfully","timestamp":"2025-11-02T09:47:41.335Z"}
{"level":"info","message":"User stats fetched successfully","timestamp":"2025-11-02T09:47:47.875Z"}
{"level":"info","message":"Posts fetched successfully","timestamp":"2025-11-02T09:47:47.887Z"}
{"level":"info","message":"User stats fetched successfully","timestamp":"2025-11-02T09:47:48.695Z"}
{"level":"info","message":"Posts fetched successfully","timestamp":"2025-11-02T09:47:48.723Z"}
{"level":"info","message":"User logged out successfully.","timestamp":"2025-11-02T09:47:52.942Z"}
